#
# A fatal error has been detected by the Java Runtime Environment:
#
#  EXCEPTION_ACCESS_VIOLATION (0xc0000005) at pc=0x000000006bd37a9b, pid=5784, tid=0x0000000000001e90
#
# JRE version: Java(TM) SE Runtime Environment (8.0_144-b01) (build 1.8.0_144-b01)
# Java VM: Java HotSpot(TM) 64-Bit Server VM (25.144-b01 mixed mode windows-amd64 compressed oops)
# Problematic frame:
# V  [jvm.dll+0x127a9b]
#
# Failed to write core dump. Minidumps are not enabled by default on client versions of Windows
#
# If you would like to submit a bug report, please visit:
#   http://bugreport.java.com/bugreport/crash.jsp
#

---------------  T H R E A D  ---------------

Current thread (0x00000000192af800):  JavaThread "pool-1-thread-1" [_thread_in_vm, id=7824, stack(0x0000000019900000,0x0000000019a00000)]

siginfo: ExceptionCode=0xc0000005, reading address 0xfffffff500000001

Registers:
RAX=0x00000000199fdeb0, RBX=0x00000001000ea360, RCX=0x0000000000000007, RDX=0x0000000000000218
RSP=0x00000000199fdb50, RBP=0x00000000199fdc11, RSI=0x0000000000000000, RDI=0x00000000191ab570
R8 =0x0000000016cd2718, R9 =0x0000000000000001, R10=0x0000000016cd27d8, R11=0x0000000000000001
R12=0x0000000000000001, R13=0x00000000192af800, R14=0x0000000000000001, R15=0xfffffff500000001
RIP=0x000000006bd37a9b, EFLAGS=0x0000000000010206

Top of Stack: (sp=0x00000000199fdb50)
0x00000000199fdb50:   00000000191ab4a0 0000000019ec9b00
0x00000000199fdb60:   0000000000000000 0000000100001118
0x00000000199fdb70:   0000000000000000 0000000000c7e5a8
0x00000000199fdb80:   00000000191ab4b0 0000000000000008
0x00000000199fdb90:   0000000016cd27d8 000000006bd389b6
0x00000000199fdba0:   0000000000d93dfc 00000000192af800
0x00000000199fdbb0:   0000000000000002 0000000000c7e4a8
0x00000000199fdbc0:   0000000000c7e590 0000000000c7ccc0
0x00000000199fdbd0:   0000001400000001 0000000000000000
0x00000000199fdbe0:   0000000000000007 00000000191ab4d0
0x00000000199fdbf0:   0000000000000040 0000000000000008
0x00000000199fdc00:   00000000191ab4b0 000000006bd3a1d0
0x00000000199fdc10:   0000000016cd27d8 0000000000d93dfc
0x00000000199fdc20:   00000000192af800 0000000000000006
0x00000000199fdc30:   0000000000000001 00000000192af800
0x00000000199fdc40:   0000000000000001 000000000000003f 

Instructions: (pc=0x000000006bd37a9b)
0x000000006bd37a7b:   41 56 41 57 48 8d 6c 24 e9 48 81 ec d8 00 00 00
0x000000006bd37a8b:   4d 8b b8 80 01 00 00 48 8b f9 8b 0d ad bd 68 00
0x000000006bd37a9b:   49 63 37 ff 15 4c 59 4b 00 48 8d 4d d7 48 8b d0
0x000000006bd37aab:   e8 10 b2 0e 00 48 8b 4d 6f e8 c7 e2 ff ff 4c 8b 


Register to memory mapping:

RAX=0x00000000199fdeb0 is pointing into the stack for thread: 0x00000000192af800
RBX=0x00000001000ea360 is pointing into metadata
RCX=0x0000000000000007 is an unknown value
RDX=0x0000000000000218 is an unknown value
RSP=0x00000000199fdb50 is pointing into the stack for thread: 0x00000000192af800
RBP=0x00000000199fdc11 is pointing into the stack for thread: 0x00000000192af800
RSI=0x0000000000000000 is an unknown value
RDI=0x00000000191ab570 is an unknown value
R8 ={method} {0x0000000016cd2720} 'iterator' '()Ljava/util/Iterator;' in 'java/lang/Iterable'
R9 =0x0000000000000001 is an unknown value
R10={method} {0x0000000016cd27e0} 'forEach' '(Ljava/util/function/Consumer;)V' in 'java/lang/Iterable'
R11=0x0000000000000001 is an unknown value
R12=0x0000000000000001 is an unknown value
R13=0x00000000192af800 is a thread
R14=0x0000000000000001 is an unknown value
R15=0xfffffff500000001 is an unknown value


Stack: [0x0000000019900000,0x0000000019a00000],  sp=0x00000000199fdb50,  free space=1014k
Native frames: (J=compiled Java code, j=interpreted, Vv=VM code, C=native code)
V  [jvm.dll+0x127a9b]
V  [jvm.dll+0x128b22]
V  [jvm.dll+0x110fcd]
V  [jvm.dll+0x115717]
V  [jvm.dll+0x115bf5]
V  [jvm.dll+0xc108e]
V  [jvm.dll+0xc2b40]
V  [jvm.dll+0xc43dd]
V  [jvm.dll+0xbc703]
C  0x0000000002a739fe

Java frames: (J=compiled Java code, j=interpreted, Vv=VM code)
j  org.apache.commons.lang3.CharRangeTest.testHashCode()V+2
v  ~StubRoutines::call_stub
J 1022  sun.reflect.NativeMethodAccessorImpl.invoke0(Ljava/lang/reflect/Method;Ljava/lang/Object;[Ljava/lang/Object;)Ljava/lang/Object; (0 bytes) @ 0x0000000002ed3a7f [0x0000000002ed3a00+0x7f]
J 1021 C1 sun.reflect.NativeMethodAccessorImpl.invoke(Ljava/lang/Object;[Ljava/lang/Object;)Ljava/lang/Object; (104 bytes) @ 0x0000000002ed50e4 [0x0000000002ed3f00+0x11e4]
J 842 C2 java.lang.reflect.Method.invoke(Ljava/lang/Object;[Ljava/lang/Object;)Ljava/lang/Object; (62 bytes) @ 0x0000000002e04360 [0x0000000002e042a0+0xc0]
j  com.oole.hw3.utility.LauncherUtils.executeClassFromTestClass(Ljava/lang/String;Ljava/net/URLClassLoader;)Ljava/util/List;+224
j  com.oole.hw3.utility.LauncherUtils.prepareClassesForExecution(Ljava/lang/String;Ljava/util/List;Ljava/util/Set;Ljava/net/URLClassLoader;Ljava/net/URLClassLoader;)V+117
j  com.oole.hw3.operators.AccessModifierOperator.mutate()V+442
j  com.oole.hw3.operators.AccessModifierOperator.run()V+1
j  java.util.concurrent.Executors$RunnableAdapter.call()Ljava/lang/Object;+4
j  java.util.concurrent.FutureTask.run()V+42
j  java.util.concurrent.ThreadPoolExecutor.runWorker(Ljava/util/concurrent/ThreadPoolExecutor$Worker;)V+95
j  java.util.concurrent.ThreadPoolExecutor$Worker.run()V+5
j  java.lang.Thread.run()V+11
v  ~StubRoutines::call_stub

---------------  P R O C E S S  ---------------

Java Threads: ( => current thread )
  0x0000000002944000 JavaThread "DestroyJavaVM" [_thread_blocked, id=10624, stack(0x0000000002640000,0x0000000002740000)]
=>0x00000000192af800 JavaThread "pool-1-thread-1" [_thread_in_vm, id=7824, stack(0x0000000019900000,0x0000000019a00000)]
  0x00000000191e9800 JavaThread "Service Thread" daemon [_thread_blocked, id=11904, stack(0x0000000019700000,0x0000000019800000)]
  0x0000000019154800 JavaThread "C1 CompilerThread2" daemon [_thread_blocked, id=6496, stack(0x0000000019600000,0x0000000019700000)]
  0x0000000019154000 JavaThread "C2 CompilerThread1" daemon [_thread_blocked, id=5720, stack(0x0000000019500000,0x0000000019600000)]
  0x0000000019151000 JavaThread "C2 CompilerThread0" daemon [_thread_blocked, id=3088, stack(0x0000000019400000,0x0000000019500000)]
  0x00000000175cb800 JavaThread "JDWP Command Reader" daemon [_thread_in_native, id=10092, stack(0x0000000018f00000,0x0000000019000000)]
  0x00000000175c8000 JavaThread "JDWP Event Helper Thread" daemon [_thread_blocked, id=12784, stack(0x0000000018e00000,0x0000000018f00000)]
  0x00000000175c5800 JavaThread "JDWP Transport Listener: dt_socket" daemon [_thread_blocked, id=14880, stack(0x0000000018d00000,0x0000000018e00000)]
  0x00000000175b2800 JavaThread "Attach Listener" daemon [_thread_blocked, id=12804, stack(0x0000000018c00000,0x0000000018d00000)]
  0x00000000175b1000 JavaThread "Signal Dispatcher" daemon [_thread_blocked, id=668, stack(0x0000000018b00000,0x0000000018c00000)]
  0x0000000017599000 JavaThread "Finalizer" daemon [_thread_blocked, id=16424, stack(0x0000000018810000,0x0000000018910000)]
  0x0000000002a34000 JavaThread "Reference Handler" daemon [_thread_blocked, id=14896, stack(0x0000000018710000,0x0000000018810000)]

Other Threads:
  0x0000000017578000 VMThread [stack: 0x0000000018610000,0x0000000018710000] [id=10740]
  0x0000000019273800 WatcherThread [stack: 0x0000000019800000,0x0000000019900000] [id=15172]

VM state:not at safepoint (normal execution)

VM Mutex/Monitor currently owned by a thread: None

Heap:
 PSYoungGen      total 29696K, used 14565K [0x00000000d5c00000, 0x00000000d9180000, 0x0000000100000000)
  eden space 18432K, 17% used [0x00000000d5c00000,0x00000000d5f398d0,0x00000000d6e00000)
  from space 11264K, 99% used [0x00000000d7d80000,0x00000000d887fb58,0x00000000d8880000)
  to   space 15872K, 0% used [0x00000000d6e00000,0x00000000d6e00000,0x00000000d7d80000)
 ParOldGen       total 78336K, used 43399K [0x0000000081400000, 0x0000000086080000, 0x00000000d5c00000)
  object space 78336K, 55% used [0x0000000081400000,0x0000000083e61f80,0x0000000086080000)
 Metaspace       used 10608K, capacity 10934K, committed 11136K, reserved 1058816K
  class space    used 1019K, capacity 1129K, committed 1152K, reserved 1048576K

Card table byte_map: [0x0000000011e00000,0x0000000012200000] byte_map_base: 0x00000000119f6000

Marking Bits: (ParMarkBitMap*) 0x000000006c42d850
 Begin Bits: [0x00000000128b0000, 0x0000000014860000)
 End Bits:   [0x0000000014860000, 0x0000000016810000)

Polling page: 0x0000000002750000

CodeCache: size=245760Kb used=6290Kb max_used=6585Kb free=239469Kb
 bounds [0x0000000002a40000, 0x00000000030e0000, 0x0000000011a40000]
 total_blobs=1861 nmethods=1531 adapters=251
 compilation: enabled

Compilation events (10 events):
Event: 553.062 Thread 0x0000000019154000 nmethod 1877 0x0000000002f22950 code [0x0000000002f22aa0, 0x0000000002f23238]
Event: 553.063 Thread 0x0000000019154000 1879   !   4       sun.nio.ch.NativeThreadSet::remove (50 bytes)
Event: 553.063 Thread 0x0000000019151000 nmethod 1878 0x0000000002f22090 code [0x0000000002f22200, 0x0000000002f22668]
Event: 553.063 Thread 0x0000000019151000 1880   !   4       java.nio.charset.CharsetDecoder::decode (287 bytes)
Event: 553.064 Thread 0x0000000019154000 nmethod 1879 0x0000000002b98f50 code [0x0000000002b990a0, 0x0000000002b99378]
Event: 553.067 Thread 0x0000000019151000 nmethod 1880 0x0000000002b98610 code [0x0000000002b98780, 0x0000000002b98a68]
Event: 553.191 Thread 0x0000000019154000 1881   !   4       sun.nio.ch.NativeThreadSet::add (155 bytes)
Event: 553.192 Thread 0x0000000019151000 1882       4       java.nio.channels.spi.AbstractInterruptibleChannel::end (50 bytes)
Event: 553.193 Thread 0x0000000019154000 nmethod 1881 0x0000000002b9a890 code [0x0000000002b9a9e0, 0x0000000002b9acb8]
Event: 553.195 Thread 0x0000000019151000 nmethod 1882 0x0000000002b9a190 code [0x0000000002b9a2e0, 0x0000000002b9a658]

GC Heap History (10 events):
Event: 552.780 GC heap before
{Heap before GC invocations=893 (full 0):
 PSYoungGen      total 24064K, used 23840K [0x00000000d5c00000, 0x00000000d7500000, 0x0000000100000000)
  eden space 22528K, 100% used [0x00000000d5c00000,0x00000000d7200000,0x00000000d7200000)
  from space 1536K, 85% used [0x00000000d7380000,0x00000000d74c8000,0x00000000d7500000)
  to   space 1536K, 0% used [0x00000000d7200000,0x00000000d7200000,0x00000000d7380000)
 ParOldGen       total 87552K, used 57379K [0x0000000081400000, 0x0000000086980000, 0x00000000d5c00000)
  object space 87552K, 65% used [0x0000000081400000,0x0000000084c08e30,0x0000000086980000)
 Metaspace       used 10585K, capacity 10870K, committed 11136K, reserved 1058816K
  class space    used 1018K, capacity 1129K, committed 1152K, reserved 1048576K
Event: 552.783 GC heap after
Heap after GC invocations=893 (full 0):
 PSYoungGen      total 24064K, used 1312K [0x00000000d5c00000, 0x00000000d7500000, 0x0000000100000000)
  eden space 22528K, 0% used [0x00000000d5c00000,0x00000000d5c00000,0x00000000d7200000)
  from space 1536K, 85% used [0x00000000d7200000,0x00000000d7348000,0x00000000d7380000)
  to   space 1536K, 0% used [0x00000000d7380000,0x00000000d7380000,0x00000000d7500000)
 ParOldGen       total 87552K, used 57395K [0x0000000081400000, 0x0000000086980000, 0x00000000d5c00000)
  object space 87552K, 65% used [0x0000000081400000,0x0000000084c0ce30,0x0000000086980000)
 Metaspace       used 10585K, capacity 10870K, committed 11136K, reserved 1058816K
  class space    used 1018K, capacity 1129K, committed 1152K, reserved 1048576K
}
Event: 553.038 GC heap before
{Heap before GC invocations=894 (full 0):
 PSYoungGen      total 24064K, used 23840K [0x00000000d5c00000, 0x00000000d7500000, 0x0000000100000000)
  eden space 22528K, 100% used [0x00000000d5c00000,0x00000000d7200000,0x00000000d7200000)
  from space 1536K, 85% used [0x00000000d7200000,0x00000000d7348000,0x00000000d7380000)
  to   space 1536K, 0% used [0x00000000d7380000,0x00000000d7380000,0x00000000d7500000)
 ParOldGen       total 87552K, used 57395K [0x0000000081400000, 0x0000000086980000, 0x00000000d5c00000)
  object space 87552K, 65% used [0x0000000081400000,0x0000000084c0ce30,0x0000000086980000)
 Metaspace       used 10588K, capacity 10870K, committed 11136K, reserved 1058816K
  class space    used 1018K, capacity 1129K, committed 1152K, reserved 1048576K
Event: 553.044 GC heap after
Heap after GC invocations=894 (full 0):
 PSYoungGen      total 20480K, used 1509K [0x00000000d5c00000, 0x00000000d8080000, 0x0000000100000000)
  eden space 18944K, 0% used [0x00000000d5c00000,0x00000000d5c00000,0x00000000d6e80000)
  from space 1536K, 98% used [0x00000000d7380000,0x00000000d74f97b0,0x00000000d7500000)
  to   space 5120K, 0% used [0x00000000d6e80000,0x00000000d6e80000,0x00000000d7380000)
 ParOldGen       total 87552K, used 67083K [0x0000000081400000, 0x0000000086980000, 0x00000000d5c00000)
  object space 87552K, 76% used [0x0000000081400000,0x0000000085582e30,0x0000000086980000)
 Metaspace       used 10588K, capacity 10870K, committed 11136K, reserved 1058816K
  class space    used 1018K, capacity 1129K, committed 1152K, reserved 1048576K
}
Event: 553.072 GC heap before
{Heap before GC invocations=895 (full 0):
 PSYoungGen      total 20480K, used 20453K [0x00000000d5c00000, 0x00000000d8080000, 0x0000000100000000)
  eden space 18944K, 100% used [0x00000000d5c00000,0x00000000d6e80000,0x00000000d6e80000)
  from space 1536K, 98% used [0x00000000d7380000,0x00000000d74f97b0,0x00000000d7500000)
  to   space 5120K, 0% used [0x00000000d6e80000,0x00000000d6e80000,0x00000000d7380000)
 ParOldGen       total 87552K, used 67083K [0x0000000081400000, 0x0000000086980000, 0x00000000d5c00000)
  object space 87552K, 76% used [0x0000000081400000,0x0000000085582e30,0x0000000086980000)
 Metaspace       used 10588K, capacity 10870K, committed 11136K, reserved 1058816K
  class space    used 1018K, capacity 1129K, committed 1152K, reserved 1048576K
Event: 553.083 GC heap after
Heap after GC invocations=895 (full 0):
 PSYoungGen      total 24064K, used 5097K [0x00000000d5c00000, 0x00000000d8880000, 0x0000000100000000)
  eden space 18944K, 0% used [0x00000000d5c00000,0x00000000d5c00000,0x00000000d6e80000)
  from space 5120K, 99% used [0x00000000d6e80000,0x00000000d737a798,0x00000000d7380000)
  to   space 11264K, 0% used [0x00000000d7d80000,0x00000000d7d80000,0x00000000d8880000)
 ParOldGen       total 87552K, used 81051K [0x0000000081400000, 0x0000000086980000, 0x00000000d5c00000)
  object space 87552K, 92% used [0x0000000081400000,0x0000000086326e60,0x0000000086980000)
 Metaspace       used 10588K, capacity 10870K, committed 11136K, reserved 1058816K
  class space    used 1018K, capacity 1129K, committed 1152K, reserved 1048576K
}
Event: 553.083 GC heap before
{Heap before GC invocations=896 (full 1):
 PSYoungGen      total 24064K, used 5097K [0x00000000d5c00000, 0x00000000d8880000, 0x0000000100000000)
  eden space 18944K, 0% used [0x00000000d5c00000,0x00000000d5c00000,0x00000000d6e80000)
  from space 5120K, 99% used [0x00000000d6e80000,0x00000000d737a798,0x00000000d7380000)
  to   space 11264K, 0% used [0x00000000d7d80000,0x00000000d7d80000,0x00000000d8880000)
 ParOldGen       total 87552K, used 81051K [0x0000000081400000, 0x0000000086980000, 0x00000000d5c00000)
  object space 87552K, 92% used [0x0000000081400000,0x0000000086326e60,0x0000000086980000)
 Metaspace       used 10588K, capacity 10870K, committed 11136K, reserved 1058816K
  class space    used 1018K, capacity 1129K, committed 1152K, reserved 1048576K
Event: 553.190 GC heap after
Heap after GC invocations=896 (full 1):
 PSYoungGen      total 24064K, used 0K [0x00000000d5c00000, 0x00000000d8880000, 0x0000000100000000)
  eden space 18944K, 0% used [0x00000000d5c00000,0x00000000d5c00000,0x00000000d6e80000)
  from space 5120K, 0% used [0x00000000d6e80000,0x00000000d6e80000,0x00000000d7380000)
  to   space 11264K, 0% used [0x00000000d7d80000,0x00000000d7d80000,0x00000000d8880000)
 ParOldGen       total 78336K, used 35983K [0x0000000081400000, 0x0000000086080000, 0x00000000d5c00000)
  object space 78336K, 45% used [0x0000000081400000,0x0000000083723f80,0x0000000086080000)
 Metaspace       used 10588K, capacity 10870K, committed 11136K, reserved 1058816K
  class space    used 1018K, capacity 1129K, committed 1152K, reserved 1048576K
}
Event: 553.215 GC heap before
{Heap before GC invocations=897 (full 1):
 PSYoungGen      total 24064K, used 18944K [0x00000000d5c00000, 0x00000000d8880000, 0x0000000100000000)
  eden space 18944K, 100% used [0x00000000d5c00000,0x00000000d6e80000,0x00000000d6e80000)
  from space 5120K, 0% used [0x00000000d6e80000,0x00000000d6e80000,0x00000000d7380000)
  to   space 11264K, 0% used [0x00000000d7d80000,0x00000000d7d80000,0x00000000d8880000)
 ParOldGen       total 78336K, used 35983K [0x0000000081400000, 0x0000000086080000, 0x00000000d5c00000)
  object space 78336K, 45% used [0x0000000081400000,0x0000000083723f80,0x0000000086080000)
 Metaspace       used 10588K, capacity 10870K, committed 11136K, reserved 1058816K
  class space    used 1018K, capacity 1129K, committed 1152K, reserved 1048576K
Event: 553.226 GC heap after
Heap after GC invocations=897 (full 1):
 PSYoungGen      total 29696K, used 11262K [0x00000000d5c00000, 0x00000000d9180000, 0x0000000100000000)
  eden space 18432K, 0% used [0x00000000d5c00000,0x00000000d5c00000,0x00000000d6e00000)
  from space 11264K, 99% used [0x00000000d7d80000,0x00000000d887fb58,0x00000000d8880000)
  to   space 15872K, 0% used [0x00000000d6e00000,0x00000000d6e00000,0x00000000d7d80000)
 ParOldGen       total 78336K, used 43399K [0x0000000081400000, 0x0000000086080000, 0x00000000d5c00000)
  object space 78336K, 55% used [0x0000000081400000,0x0000000083e61f80,0x0000000086080000)
 Metaspace       used 10588K, capacity 10870K, committed 11136K, reserved 1058816K
  class space    used 1018K, capacity 1129K, committed 1152K, reserved 1048576K
}

Deoptimization events (10 events):
Event: 277.509 Thread 0x00000000192af800 Uncommon trap: reason=class_check action=maybe_recompile pc=0x0000000002f5bbac method=java.lang.reflect.Constructor.newInstance([Ljava/lang/Object;)Ljava/lang/Object; @ 79
Event: 277.526 Thread 0x00000000192af800 Uncommon trap: reason=class_check action=maybe_recompile pc=0x0000000002f5bbac method=java.lang.reflect.Constructor.newInstance([Ljava/lang/Object;)Ljava/lang/Object; @ 79
Event: 512.117 Thread 0x00000000192af800 Uncommon trap: reason=unloaded action=reinterpret pc=0x000000000303fd24 method=sun.nio.cs.UTF_8$Encoder.encodeArrayLoop(Ljava/nio/CharBuffer;Ljava/nio/ByteBuffer;)Ljava/nio/charset/CoderResult; @ 243
Event: 512.186 Thread 0x00000000192af800 Uncommon trap: reason=unstable_if action=reinterpret pc=0x0000000002fd0e58 method=java.nio.charset.CoderResult.isUnderflow()Z @ 4
Event: 512.199 Thread 0x00000000192af800 Uncommon trap: reason=unstable_if action=reinterpret pc=0x0000000003068388 method=java.nio.charset.CharsetEncoder.encode(Ljava/nio/CharBuffer;Ljava/nio/ByteBuffer;Z)Ljava/nio/charset/CoderResult; @ 105
Event: 512.213 Thread 0x00000000192af800 Uncommon trap: reason=unstable_if action=reinterpret pc=0x00000000030701dc method=java.nio.charset.CharsetEncoder.encode(Ljava/nio/CharBuffer;Ljava/nio/ByteBuffer;Z)Ljava/nio/charset/CoderResult; @ 105
Event: 512.219 Thread 0x00000000192af800 Uncommon trap: reason=unstable_if action=reinterpret pc=0x0000000002f5b258 method=java.nio.charset.CoderResult.isUnderflow()Z @ 4
Event: 552.933 Thread 0x00000000192af800 Uncommon trap: reason=unstable_if action=reinterpret pc=0x0000000002e076a0 method=org.apache.commons.lang3.CharRange$CharacterIterator.prepareNext()V @ 47
Event: 552.937 Thread 0x00000000192af800 Uncommon trap: reason=unstable_if action=reinterpret pc=0x0000000002e060d0 method=org.apache.commons.lang3.CharRange.toString()Ljava/lang/String; @ 4
Event: 552.960 Thread 0x00000000192af800 Uncommon trap: reason=unstable_if action=reinterpret pc=0x0000000002bb958c method=org.apache.commons.lang3.CharRange$CharacterIterator.next()Ljava/lang/Character; @ 4

Internal exceptions (10 events):
Event: 276.935 Thread 0x00000000192af800 Exception <a 'java/lang/IllegalMonitorStateException'> (0x00000000d65b4a48) thrown at [C:\re\workspace\8-2-build-windows-amd64-cygwin\jdk8u144\9417\hotspot\src\share\vm\runtime\objectMonitor.cpp, line 1818]
Event: 276.958 Thread 0x00000000192af800 Exception <a 'java/lang/IllegalMonitorStateException'> (0x00000000d669c970) thrown at [C:\re\workspace\8-2-build-windows-amd64-cygwin\jdk8u144\9417\hotspot\src\share\vm\runtime\objectMonitor.cpp, line 1471]
Event: 276.959 Thread 0x00000000192af800 Exception <a 'java/lang/IllegalMonitorStateException'> (0x00000000d66a0f88) thrown at [C:\re\workspace\8-2-build-windows-amd64-cygwin\jdk8u144\9417\hotspot\src\share\vm\runtime\objectMonitor.cpp, line 1699]
Event: 276.959 Thread 0x00000000192af800 Exception <a 'java/lang/IllegalMonitorStateException'> (0x00000000d66a1c60) thrown at [C:\re\workspace\8-2-build-windows-amd64-cygwin\jdk8u144\9417\hotspot\src\share\vm\runtime\objectMonitor.cpp, line 1818]
Event: 277.070 Thread 0x00000000192af800 Exception <a 'java/lang/reflect/InvocationTargetException'> (0x00000000d6aed588) thrown at [C:\re\workspace\8-2-build-windows-amd64-cygwin\jdk8u144\9417\hotspot\src\share\vm\runtime\reflection.cpp, line 1092]
Event: 277.470 Thread 0x00000000192af800 Exception <a 'java/lang/NoSuchFieldError': method resolution failed> (0x00000000d6352640) thrown at [C:\re\workspace\8-2-build-windows-amd64-cygwin\jdk8u144\9417\hotspot\src\share\vm\prims\methodHandles.cpp, line 1146]
Event: 277.471 Thread 0x00000000192af800 Exception <a 'java/lang/NoSuchFieldError': method resolution failed> (0x00000000d63605a0) thrown at [C:\re\workspace\8-2-build-windows-amd64-cygwin\jdk8u144\9417\hotspot\src\share\vm\prims\methodHandles.cpp, line 1146]
Event: 553.020 Thread 0x00000000192af800 Exception <a 'java/lang/IllegalMonitorStateException'> (0x00000000d6717578) thrown at [C:\re\workspace\8-2-build-windows-amd64-cygwin\jdk8u144\9417\hotspot\src\share\vm\runtime\objectMonitor.cpp, line 1471]
Event: 553.021 Thread 0x00000000192af800 Exception <a 'java/lang/IllegalMonitorStateException'> (0x00000000d671bb60) thrown at [C:\re\workspace\8-2-build-windows-amd64-cygwin\jdk8u144\9417\hotspot\src\share\vm\runtime\objectMonitor.cpp, line 1699]
Event: 553.021 Thread 0x00000000192af800 Exception <a 'java/lang/IllegalMonitorStateException'> (0x00000000d671c838) thrown at [C:\re\workspace\8-2-build-windows-amd64-cygwin\jdk8u144\9417\hotspot\src\share\vm\runtime\objectMonitor.cpp, line 1818]

Events (10 events):
Event: 553.231 loading class org/apache/commons/lang3/CharRangeTest
Event: 553.231 loading class org/apache/commons/lang3/CharRangeTest done
Event: 553.231 Thread 0x00000000192af800 DEOPT PACKING pc=0x0000000002ce6181 sp=0x00000000199fe940
Event: 553.231 Thread 0x00000000192af800 DEOPT UNPACKING pc=0x0000000002a8787f sp=0x00000000199fe690 mode 1
Event: 553.231 Thread 0x00000000192af800 DEOPT PACKING pc=0x0000000002f66838 sp=0x00000000199fe9c0
Event: 553.231 Thread 0x00000000192af800 DEOPT UNPACKING pc=0x0000000002a8787f sp=0x00000000199fe760 mode 1
Event: 553.231 Thread 0x00000000192af800 DEOPT PACKING pc=0x0000000002f67400 sp=0x00000000199fead0
Event: 553.231 Thread 0x00000000192af800 DEOPT UNPACKING pc=0x0000000002a8787f sp=0x00000000199fe748 mode 1
Event: 553.231 Thread 0x00000000192af800 DEOPT PACKING pc=0x0000000002ce6181 sp=0x00000000199fe970
Event: 553.231 Thread 0x00000000192af800 DEOPT UNPACKING pc=0x0000000002a8787f sp=0x00000000199fe6d0 mode 1


Dynamic libraries:
0x00007ff61acb0000 - 0x00007ff61ace7000 	C:\Program Files\Java\jdk1.8.0_144\bin\java.exe
0x00007fff6b0e0000 - 0x00007fff6b2bb000 	C:\Windows\SYSTEM32\ntdll.dll
0x00007fff6a170000 - 0x00007fff6a21e000 	C:\Windows\System32\KERNEL32.DLL
0x00007fff67920000 - 0x00007fff67b69000 	C:\Windows\System32\KERNELBASE.dll
0x00007fff6a3f0000 - 0x00007fff6a491000 	C:\Windows\System32\ADVAPI32.dll
0x00007fff6afd0000 - 0x00007fff6b06d000 	C:\Windows\System32\msvcrt.dll
0x00007fff6af00000 - 0x00007fff6af59000 	C:\Windows\System32\sechost.dll
0x00007fff6a960000 - 0x00007fff6aa85000 	C:\Windows\System32\RPCRT4.dll
0x00007fff6a4e0000 - 0x00007fff6a62a000 	C:\Windows\System32\USER32.dll
0x00007fff67900000 - 0x00007fff6791e000 	C:\Windows\System32\win32u.dll
0x00007fff6ad90000 - 0x00007fff6adb7000 	C:\Windows\System32\GDI32.dll
0x00007fff67b70000 - 0x00007fff67cf7000 	C:\Windows\System32\gdi32full.dll
0x00007fff67600000 - 0x00007fff6769a000 	C:\Windows\System32\msvcp_win.dll
0x00007fff67750000 - 0x00007fff67846000 	C:\Windows\System32\ucrtbase.dll
0x00007fff599b0000 - 0x00007fff59c17000 	C:\Windows\WinSxS\amd64_microsoft.windows.common-controls_6595b64144ccf1df_6.0.15063.483_none_26002d27e7c744a2\COMCTL32.dll
0x00007fff6aa90000 - 0x00007fff6ad89000 	C:\Windows\System32\combase.dll
0x00007fff67d00000 - 0x00007fff67d6a000 	C:\Windows\System32\bcryptPrimitives.dll
0x00007fff6a4a0000 - 0x00007fff6a4cd000 	C:\Windows\System32\IMM32.DLL
0x000000006cea0000 - 0x000000006cf72000 	C:\Program Files\Java\jdk1.8.0_144\jre\bin\msvcr100.dll
0x000000006bc10000 - 0x000000006c4ad000 	C:\Program Files\Java\jdk1.8.0_144\jre\bin\server\jvm.dll
0x00007fff6afc0000 - 0x00007fff6afc8000 	C:\Windows\System32\PSAPI.DLL
0x00007fff54890000 - 0x00007fff54899000 	C:\Windows\SYSTEM32\WSOCK32.dll
0x00007fff6b070000 - 0x00007fff6b0dc000 	C:\Windows\System32\WS2_32.dll
0x00007fff5fca0000 - 0x00007fff5fcc3000 	C:\Windows\SYSTEM32\WINMM.dll
0x00007fff580b0000 - 0x00007fff580ba000 	C:\Windows\SYSTEM32\VERSION.dll
0x00007fff5fb20000 - 0x00007fff5fb4b000 	C:\Windows\SYSTEM32\WINMMBASE.dll
0x00007fff678b0000 - 0x00007fff678f9000 	C:\Windows\System32\cfgmgr32.dll
0x000000006e660000 - 0x000000006e66f000 	C:\Program Files\Java\jdk1.8.0_144\jre\bin\verify.dll
0x000000006d910000 - 0x000000006d939000 	C:\Program Files\Java\jdk1.8.0_144\jre\bin\java.dll
0x000000006d8b0000 - 0x000000006d8e5000 	C:\Program Files\Java\jdk1.8.0_144\jre\bin\jdwp.dll
0x000000006d8a0000 - 0x000000006d8a8000 	C:\Program Files\Java\jdk1.8.0_144\jre\bin\npt.dll
0x000000006d4c0000 - 0x000000006d4e3000 	C:\Program Files\Java\jdk1.8.0_144\jre\bin\instrument.dll
0x000000006d8f0000 - 0x000000006d906000 	C:\Program Files\Java\jdk1.8.0_144\jre\bin\zip.dll
0x00007fff688f0000 - 0x00007fff69d26000 	C:\Windows\System32\SHELL32.dll
0x00007fff6a220000 - 0x00007fff6a2ca000 	C:\Windows\System32\shcore.dll
0x00007fff67d70000 - 0x00007fff68461000 	C:\Windows\System32\windows.storage.dll
0x00007fff6a900000 - 0x00007fff6a951000 	C:\Windows\System32\shlwapi.dll
0x00007fff675e0000 - 0x00007fff675f1000 	C:\Windows\System32\kernel.appcore.dll
0x00007fff67570000 - 0x00007fff675bc000 	C:\Windows\System32\powrprof.dll
0x00007fff67550000 - 0x00007fff67565000 	C:\Windows\System32\profapi.dll
0x000000006ce90000 - 0x000000006ce99000 	C:\Program Files\Java\jdk1.8.0_144\jre\bin\dt_socket.dll
0x00007fff66e00000 - 0x00007fff66e5c000 	C:\Windows\system32\mswsock.dll
0x000000006ce70000 - 0x000000006ce8a000 	C:\Program Files\Java\jdk1.8.0_144\jre\bin\net.dll
0x000000006ce50000 - 0x000000006ce61000 	C:\Program Files\Java\jdk1.8.0_144\jre\bin\nio.dll
0x00007fff63150000 - 0x00007fff632f9000 	C:\Windows\SYSTEM32\dbghelp.dll

VM Arguments:
jvm_args: -Dfile.encoding=UTF8 -agentlib:jdwp=transport=dt_socket,address=127.0.0.1:58479,suspend=y,server=n -javaagent:C:\Users\adars\.IntelliJIdea2017.2\system\groovyHotSwap\gragent.jar -Dfile.encoding=UTF-8 
java_command: com.oole.hw3.Main
java_class_path (initial): C:\Program Files\Java\jdk1.8.0_144\jre\lib\charsets.jar;C:\Program Files\Java\jdk1.8.0_144\jre\lib\deploy.jar;C:\Program Files\Java\jdk1.8.0_144\jre\lib\ext\access-bridge-64.jar;C:\Program Files\Java\jdk1.8.0_144\jre\lib\ext\cldrdata.jar;C:\Program Files\Java\jdk1.8.0_144\jre\lib\ext\dnsns.jar;C:\Program Files\Java\jdk1.8.0_144\jre\lib\ext\jaccess.jar;C:\Program Files\Java\jdk1.8.0_144\jre\lib\ext\jfxrt.jar;C:\Program Files\Java\jdk1.8.0_144\jre\lib\ext\localedata.jar;C:\Program Files\Java\jdk1.8.0_144\jre\lib\ext\nashorn.jar;C:\Program Files\Java\jdk1.8.0_144\jre\lib\ext\sunec.jar;C:\Program Files\Java\jdk1.8.0_144\jre\lib\ext\sunjce_provider.jar;C:\Program Files\Java\jdk1.8.0_144\jre\lib\ext\sunmscapi.jar;C:\Program Files\Java\jdk1.8.0_144\jre\lib\ext\sunpkcs11.jar;C:\Program Files\Java\jdk1.8.0_144\jre\lib\ext\zipfs.jar;C:\Program Files\Java\jdk1.8.0_144\jre\lib\javaws.jar;C:\Program Files\Java\jdk1.8.0_144\jre\lib\jce.jar;C:\Program Files\Java\jdk1.8.0_144\jre\lib\jfr.jar;C:\Program Files\Java\jdk1.8.0_144\jre\lib\jfxswt.jar;C:\Program Files\Java\jdk1.8.0_144\jre\lib\jsse.jar;C:\Program Files\Java\jdk1.8.0_144\jre\lib\management-agent.jar;C:\Program Files\Java\jdk1.8.0_144\jre\lib\plugin.jar;C:\Program Files\Java\jdk1.8.0_144\jre\lib\resources.jar;C:\Program Files\Java\jdk1.8.0_144\jre\lib\rt.jar;D:\git\vishwanath_muddu_adarsh_hegde_rohit_vibhu__hw3\out\production\classes;D:\git\vishwanath_muddu_adarsh_hegde_rohit_vibhu__hw3\lib\ast-instrumentation-1.0.0-SNAPSHOT.jar;C:\Users\adars\.gradle\caches\modules-2\files-2.1\commons-io\commons-io\2.4\b1b6ea3b7e4aa4f492509a4952029cd8e48019ad\commons-io-2.4.jar;C:\Users\adars\.gradle\caches\modules-2\files-2.1\log4j\log4j\1.2.17\5af35056b4d257e4b64b9e8069c0746e8b08629f\log4j-1.2.17.jar;C:\Users\adars\.gradle\caches\modules-2\files-2.1\org.hamcrest\hamcrest-all\1.3\63a21ebc981131004ad02e0434e799fd7f3a8d5a\hamcrest-all-1.3.jar;C:\Users\adars\.gradle\caches\modules-2\files-2.1\org.apache.bcel\bcel
Launcher Type: SUN_STANDARD

Environment Variables:
JAVA_HOME=C:\Program Files\Java\jdk1.8.0_144
JAVA_TOOL_OPTIONS=-Dfile.encoding=UTF8
PATH=C:\Program Files\Docker\Docker\Resources\bin;C:\ProgramData\Oracle\Java\javapath;C:\Program Files (x86)\Intel\iCLS Client\;C:\Program Files\Intel\iCLS Client\;C:\Windows\system32;C:\Windows;C:\Windows\System32\Wbem;C:\Windows\System32\WindowsPowerShell\v1.0\;C:\Program Files (x86)\Intel\Intel(R) Management Engine Components\DAL;C:\Program Files\Intel\Intel(R) Management Engine Components\DAL;C:\Program Files (x86)\Intel\Intel(R) Management Engine Components\IPT;C:\Program Files\Intel\Intel(R) Management Engine Components\IPT;C:\Program Files\Java\jdk1.8.0_144\bin;C:\Softwares\Gradle\gradle-4.1\bin;C:\Program Files (x86)\sbt\bin;C:\Program Files\Git_New\bin;C:\Program Files\Git_New\cmd;C:\Users\adars\AppData\Local\Microsoft\WindowsApps;
USERNAME=adars
OS=Windows_NT
PROCESSOR_IDENTIFIER=Intel64 Family 6 Model 142 Stepping 9, GenuineIntel



---------------  S Y S T E M  ---------------

OS: Windows 10.0 , 64 bit Build 15063 (10.0.15063.296)

CPU:total 4 (initial active 4) (2 cores per cpu, 2 threads per core) family 6 model 142 stepping 9, cmov, cx8, fxsr, mmx, sse, sse2, sse3, ssse3, sse4.1, sse4.2, popcnt, avx, avx2, aes, clmul, erms, 3dnowpref, lzcnt, ht, tsc, tscinvbit, bmi1, bmi2, adx

Memory: 4k page, physical 8303524k(1781744k free), swap 11732424k(2140296k free)

vm_info: Java HotSpot(TM) 64-Bit Server VM (25.144-b01) for windows-amd64 JRE (1.8.0_144-b01), built on Jul 21 2017 21:57:33 by "java_re" with MS VC++ 10.0 (VS2010)

time: Mon Nov 13 19:13:25 2017
elapsed time: 553 seconds (0d 0h 9m 13s)

